0 silly argv { _: [ 'bootstrap' ],
0 silly argv   'npm-client': 'yarn',
0 silly argv   npmClient: 'yarn',
0 silly argv   lernaVersion: '3.16.5',
0 silly argv   '$0': 'node_modules\\lerna\\cli.js' }
1 notice cli v3.16.5
2 verbose rootPath E:\project\de
3 info versioning independent
4 silly npmConfig { registry: undefined,
4 silly npmConfig   npmClient: 'yarn',
4 silly npmConfig   npmClientArgs: [],
4 silly npmConfig   mutex: 'network:42424' }
5 info Bootstrapping 15 packages
6 verbose lifecycle preinstall
7 silly lifecycle No script for "preinstall" in "@muggle/alg", continuing
8 silly lifecycle No script for "preinstall" in "codesandbox-browserfs", continuing
9 silly lifecycle No script for "preinstall" in "@csb/common", continuing
10 silly lifecycle No script for "preinstall" in "@muggle/core", continuing
11 silly lifecycle No script for "preinstall" in "@muggle/hooks", continuing
12 silly lifecycle No script for "preinstall" in "@muggle/icons", continuing
13 silly lifecycle No script for "preinstall" in "@muggle/livequery", continuing
14 silly lifecycle No script for "preinstall" in "react-scripts", continuing
15 silly lifecycle No script for "preinstall" in "@muggle/server", continuing
16 silly lifecycle No script for "preinstall" in "@muggle/stories", continuing
17 silly lifecycle No script for "preinstall" in "@muggle/theme", continuing
18 silly lifecycle No script for "preinstall" in "@muggle/tools", continuing
19 silly lifecycle No script for "preinstall" in "@muggle/client", continuing
20 silly lifecycle No script for "preinstall" in "@muggle/internal", continuing
21 silly lifecycle No script for "preinstall" in "@cs/app", continuing
22 silly hasDependencyInstalled codesandbox-browserfs @types/archiver
23 silly hasDependencyInstalled codesandbox-browserfs @types/async
24 silly hasDependencyInstalled codesandbox-browserfs @types/body-parser
25 silly hasDependencyInstalled codesandbox-browserfs @types/events
26 silly hasDependencyInstalled codesandbox-browserfs @types/express
27 silly hasDependencyInstalled codesandbox-browserfs @types/filesystem
28 silly hasDependencyInstalled codesandbox-browserfs @types/isomorphic-fetch
29 silly hasDependencyInstalled codesandbox-browserfs @types/mocha
30 silly hasDependencyInstalled codesandbox-browserfs @types/node
31 silly hasDependencyInstalled codesandbox-browserfs @types/rimraf
32 silly hasDependencyInstalled codesandbox-browserfs archiver
33 silly hasDependencyInstalled codesandbox-browserfs async-es
34 silly hasDependencyInstalled codesandbox-browserfs bfs-path
35 silly hasDependencyInstalled codesandbox-browserfs bfs-process
36 silly hasDependencyInstalled codesandbox-browserfs body-parser
37 silly hasDependencyInstalled codesandbox-browserfs buffer
38 silly hasDependencyInstalled codesandbox-browserfs detect-browsers
39 silly hasDependencyInstalled codesandbox-browserfs dropbox
40 silly hasDependencyInstalled codesandbox-browserfs express
41 silly hasDependencyInstalled codesandbox-browserfs isomorphic-fetch
42 silly hasDependencyInstalled codesandbox-browserfs karma
43 silly hasDependencyInstalled codesandbox-browserfs karma-chrome-launcher
44 silly hasDependencyInstalled codesandbox-browserfs karma-coverage
45 silly hasDependencyInstalled codesandbox-browserfs karma-firefox-launcher
46 silly hasDependencyInstalled codesandbox-browserfs karma-ie-launcher
47 silly hasDependencyInstalled codesandbox-browserfs karma-mocha
48 silly hasDependencyInstalled codesandbox-browserfs karma-opera-launcher
49 silly hasDependencyInstalled codesandbox-browserfs karma-safari-launcher
50 silly hasDependencyInstalled codesandbox-browserfs mocha
51 silly hasDependencyInstalled codesandbox-browserfs npm-run-all
52 silly hasDependencyInstalled codesandbox-browserfs object-wrapper
53 silly hasDependencyInstalled codesandbox-browserfs remap-istanbul
54 silly hasDependencyInstalled codesandbox-browserfs rimraf
55 silly hasDependencyInstalled @csb/common rimraf
56 silly hasDependencyInstalled @cs/app rimraf
57 silly hasDependencyInstalled codesandbox-browserfs rollup
58 silly hasDependencyInstalled codesandbox-browserfs rollup-plugin-alias
59 silly hasDependencyInstalled codesandbox-browserfs rollup-plugin-buble
60 silly hasDependencyInstalled codesandbox-browserfs rollup-plugin-inject
61 silly hasDependencyInstalled codesandbox-browserfs rollup-plugin-node-resolve
62 silly hasDependencyInstalled codesandbox-browserfs rollup-plugin-sourcemaps
63 silly hasDependencyInstalled codesandbox-browserfs source-map-loader
64 silly hasDependencyInstalled codesandbox-browserfs tslint
65 silly hasDependencyInstalled codesandbox-browserfs typedoc
66 silly hasDependencyInstalled codesandbox-browserfs typescript
67 silly hasDependencyInstalled @cs/app typescript
68 silly hasDependencyInstalled codesandbox-browserfs webpack
69 silly hasDependencyInstalled react-scripts webpack
70 silly hasDependencyInstalled @muggle/tools webpack
71 silly hasDependencyInstalled @cs/app webpack
72 silly hasDependencyInstalled codesandbox-browserfs webpack-cli
73 silly hasDependencyInstalled @cs/app webpack-cli
74 silly hasDependencyInstalled codesandbox-browserfs webpack-dev-server
75 silly hasDependencyInstalled react-scripts webpack-dev-server
76 silly hasDependencyInstalled @cs/app webpack-dev-server
77 silly hasDependencyInstalled codesandbox-browserfs async
78 silly hasDependencyInstalled codesandbox-browserfs events
79 silly hasDependencyInstalled codesandbox-browserfs gitignore-parser
80 silly hasDependencyInstalled codesandbox-browserfs pako
81 silly hasDependencyInstalled @csb/common @babel/cli
82 silly hasDependencyInstalled @csb/common @babel/core
83 silly hasDependencyInstalled react-scripts @babel/core
84 silly hasDependencyInstalled @muggle/stories @babel/core
85 silly hasDependencyInstalled @cs/app @babel/core
86 silly hasDependencyInstalled @muggle/tools @babel/core
87 silly hasDependencyInstalled @csb/common @babel/plugin-proposal-class-properties
88 silly hasDependencyInstalled @muggle/tools @babel/plugin-proposal-class-properties
89 silly hasDependencyInstalled @cs/app @babel/plugin-proposal-class-properties
90 silly hasDependencyInstalled @csb/common @babel/plugin-proposal-object-rest-spread
91 silly hasDependencyInstalled @csb/common @babel/plugin-syntax-dynamic-import
92 silly hasDependencyInstalled @csb/common @babel/plugin-transform-async-to-generator
93 silly hasDependencyInstalled @csb/common @babel/plugin-transform-runtime
94 silly hasDependencyInstalled @muggle/tools @babel/plugin-transform-runtime
95 silly hasDependencyInstalled @cs/app @babel/plugin-transform-runtime
96 silly hasDependencyInstalled @csb/common @storybook/addon-a11y
97 silly hasDependencyInstalled @csb/common @storybook/addon-actions
98 silly hasDependencyInstalled @csb/common @storybook/addon-knobs
99 silly hasDependencyInstalled @csb/common @storybook/addon-storysource
100 silly hasDependencyInstalled @csb/common @storybook/addon-viewport
101 silly hasDependencyInstalled @csb/common @storybook/react
102 silly hasDependencyInstalled @muggle/stories @storybook/react
103 silly hasDependencyInstalled @csb/common @types/color
104 silly hasDependencyInstalled @csb/common @types/humps
105 silly hasDependencyInstalled @csb/common @types/lodash
106 silly hasDependencyInstalled @csb/common @types/react
107 silly hasDependencyInstalled @cs/app @types/react
108 silly hasDependencyInstalled @csb/common @types/react-icons
109 silly hasDependencyInstalled @csb/common @types/styled-components
110 silly hasDependencyInstalled @csb/common babel-jest
111 silly hasDependencyInstalled react-scripts babel-jest
112 silly hasDependencyInstalled @csb/common babel-loader
113 silly hasDependencyInstalled @muggle/stories babel-loader
114 silly hasDependencyInstalled @cs/app babel-loader
115 silly hasDependencyInstalled react-scripts babel-loader
116 silly hasDependencyInstalled @csb/common babel-plugin-lodash
117 silly hasDependencyInstalled @csb/common babel-plugin-macros
118 silly hasDependencyInstalled @csb/common babel-plugin-system-import-transformer
119 silly hasDependencyInstalled @csb/common cpx
120 silly hasDependencyInstalled @csb/common enzyme
121 silly hasDependencyInstalled @csb/common enzyme-adapter-react-16
122 silly hasDependencyInstalled @csb/common enzyme-to-json
123 silly hasDependencyInstalled @csb/common jest
124 silly hasDependencyInstalled @muggle/core jest
125 silly hasDependencyInstalled @muggle/server jest
126 silly hasDependencyInstalled react-scripts jest
127 silly hasDependencyInstalled @csb/common jest-environment-enzyme
128 silly hasDependencyInstalled @csb/common jest-enzyme
129 silly hasDependencyInstalled @csb/common jest-styled-components
130 silly hasDependencyInstalled @csb/common jest-svg-transformer
131 silly hasDependencyInstalled @csb/common yarn
132 silly hasDependencyInstalled @csb/common @babel/plugin-transform-flow-strip-types
133 silly hasDependencyInstalled @csb/common @babel/polyfill
134 silly hasDependencyInstalled @csb/common @codesandbox/notifications
135 silly hasDependencyInstalled @cs/app @codesandbox/notifications
136 silly hasDependencyInstalled @csb/common @codesandbox/template-icons
137 silly hasDependencyInstalled @csb/common @sentry/browser
138 silly hasDependencyInstalled @csb/common @tippy.js/react
139 silly hasDependencyInstalled @csb/common babel-plugin-preval
140 silly hasDependencyInstalled @csb/common babel-plugin-transform-es2015-modules-commonjs
141 silly hasDependencyInstalled @csb/common codesandbox-api
142 silly hasDependencyInstalled @cs/app codesandbox-api
143 silly hasDependencyInstalled @csb/common color
144 silly hasDependencyInstalled @cs/app color
145 silly hasDependencyInstalled @csb/common date-fns
146 silly hasDependencyInstalled @cs/app date-fns
147 silly hasDependencyInstalled @csb/common error-polyfill
148 silly hasDependencyInstalled @csb/common humps
149 silly hasDependencyInstalled @cs/app humps
150 silly hasDependencyInstalled @csb/common image-extensions
151 silly hasDependencyInstalled @csb/common immer
152 silly hasDependencyInstalled @cs/app immer
153 silly hasDependencyInstalled @csb/common lodash
154 silly hasDependencyInstalled @csb/common markty-toml
155 silly hasDependencyInstalled @csb/common memoize-one
156 silly hasDependencyInstalled @csb/common ot
157 silly hasDependencyInstalled @cs/app ot
158 silly hasDependencyInstalled @csb/common react
159 silly hasDependencyInstalled @muggle/hooks react
160 silly hasDependencyInstalled react-scripts react
161 silly hasDependencyInstalled @muggle/stories react
162 silly hasDependencyInstalled @muggle/theme react
163 silly hasDependencyInstalled @muggle/client react
164 silly hasDependencyInstalled @muggle/internal react
165 silly hasDependencyInstalled @cs/app react
166 silly hasDependencyInstalled @csb/common react-icons
167 silly hasDependencyInstalled @muggle/icons react-icons
168 silly hasDependencyInstalled @cs/app react-icons
169 silly hasDependencyInstalled @csb/common react-input-autosize
170 silly hasDependencyInstalled @cs/app react-input-autosize
171 silly hasDependencyInstalled @csb/common react-router-dom
172 silly hasDependencyInstalled @cs/app react-router-dom
173 silly hasDependencyInstalled @csb/common react-spring
174 silly hasDependencyInstalled @csb/common react-textarea-autosize
175 silly hasDependencyInstalled @csb/common semver
176 silly hasDependencyInstalled react-scripts semver
177 silly hasDependencyInstalled @csb/common sha1
178 silly hasDependencyInstalled @csb/common styled-components
179 silly hasDependencyInstalled @muggle/stories styled-components
180 silly hasDependencyInstalled @muggle/theme styled-components
181 silly hasDependencyInstalled @cs/app styled-components
182 silly hasDependencyInstalled @muggle/core collections
183 silly hasDependencyInstalled @muggle/hooks overmind-react
184 silly hasDependencyInstalled @cs/app overmind-react
185 silly hasDependencyInstalled react-scripts react-dom
186 silly hasDependencyInstalled @muggle/stories react-dom
187 silly hasDependencyInstalled @cs/app react-dom
188 silly hasDependencyInstalled @muggle/internal react-dom
189 silly hasDependencyInstalled react-scripts fsevents
190 silly hasDependencyInstalled react-scripts @svgr/webpack
191 silly hasDependencyInstalled react-scripts @typescript-eslint/eslint-plugin
192 silly hasDependencyInstalled react-scripts @typescript-eslint/parser
193 silly hasDependencyInstalled react-scripts babel-eslint
194 silly hasDependencyInstalled react-scripts babel-plugin-named-asset-import
195 silly hasDependencyInstalled react-scripts babel-preset-react-app
196 silly hasDependencyInstalled react-scripts camelcase
197 silly hasDependencyInstalled react-scripts case-sensitive-paths-webpack-plugin
198 silly hasDependencyInstalled react-scripts css-loader
199 silly hasDependencyInstalled @cs/app css-loader
200 silly hasDependencyInstalled react-scripts dotenv
201 silly hasDependencyInstalled react-scripts dotenv-expand
202 silly hasDependencyInstalled react-scripts eslint
203 silly hasDependencyInstalled @muggle/server eslint
204 silly hasDependencyInstalled react-scripts eslint-config-react-app
205 silly hasDependencyInstalled react-scripts eslint-loader
206 silly hasDependencyInstalled react-scripts eslint-plugin-flowtype
207 silly hasDependencyInstalled react-scripts eslint-plugin-import
208 silly hasDependencyInstalled react-scripts eslint-plugin-jsx-a11y
209 silly hasDependencyInstalled react-scripts eslint-plugin-react
210 silly hasDependencyInstalled react-scripts eslint-plugin-react-hooks
211 silly hasDependencyInstalled react-scripts file-loader
212 silly hasDependencyInstalled react-scripts fs-extra
213 silly hasDependencyInstalled react-scripts html-webpack-plugin
214 silly hasDependencyInstalled @muggle/tools html-webpack-plugin
215 silly hasDependencyInstalled @cs/app html-webpack-plugin
216 silly hasDependencyInstalled react-scripts identity-obj-proxy
217 silly hasDependencyInstalled react-scripts is-wsl
218 silly hasDependencyInstalled react-scripts jest-environment-jsdom-fourteen
219 silly hasDependencyInstalled react-scripts jest-resolve
220 silly hasDependencyInstalled react-scripts jest-watch-typeahead
221 silly hasDependencyInstalled react-scripts mini-css-extract-plugin
222 silly hasDependencyInstalled react-scripts optimize-css-assets-webpack-plugin
223 silly hasDependencyInstalled react-scripts pnp-webpack-plugin
224 silly hasDependencyInstalled react-scripts postcss-flexbugs-fixes
225 silly hasDependencyInstalled react-scripts postcss-loader
226 silly hasDependencyInstalled react-scripts postcss-normalize
227 silly hasDependencyInstalled react-scripts postcss-preset-env
228 silly hasDependencyInstalled react-scripts postcss-safe-parser
229 silly hasDependencyInstalled react-scripts react-app-polyfill
230 silly hasDependencyInstalled react-scripts react-dev-utils
231 silly hasDependencyInstalled react-scripts resolve
232 silly hasDependencyInstalled react-scripts resolve-url-loader
233 silly hasDependencyInstalled react-scripts sass-loader
234 silly hasDependencyInstalled react-scripts style-loader
235 silly hasDependencyInstalled @cs/app style-loader
236 silly hasDependencyInstalled react-scripts terser-webpack-plugin
237 silly hasDependencyInstalled react-scripts ts-pnp
238 silly hasDependencyInstalled react-scripts url-loader
239 silly hasDependencyInstalled react-scripts webpack-manifest-plugin
240 silly hasDependencyInstalled react-scripts workbox-webpack-plugin
241 silly hasDependencyInstalled @muggle/server axios
242 silly hasDependencyInstalled @cs/app axios
243 silly hasDependencyInstalled @muggle/server nodemon
244 silly hasDependencyInstalled @muggle/server @feathersjs/authentication
245 silly hasDependencyInstalled @muggle/server @feathersjs/authentication-local
246 silly hasDependencyInstalled @muggle/server @feathersjs/authentication-oauth
247 silly hasDependencyInstalled @muggle/server @feathersjs/configuration
248 silly hasDependencyInstalled @muggle/server @feathersjs/errors
249 silly hasDependencyInstalled @muggle/server @feathersjs/express
250 silly hasDependencyInstalled @muggle/server @feathersjs/feathers
251 silly hasDependencyInstalled @muggle/server @feathersjs/socketio
252 silly hasDependencyInstalled @muggle/server compression
253 silly hasDependencyInstalled @muggle/server cors
254 silly hasDependencyInstalled @muggle/server feathers-mongodb
255 silly hasDependencyInstalled @muggle/server helmet
256 silly hasDependencyInstalled @muggle/server mongodb
257 silly hasDependencyInstalled @muggle/tools mongodb
258 silly hasDependencyInstalled @muggle/server mongodb-core
259 silly hasDependencyInstalled @muggle/server node-fetch
260 silly hasDependencyInstalled @muggle/server serve-favicon
261 silly hasDependencyInstalled @muggle/server winston
262 silly hasDependencyInstalled @muggle/stories react-scripts
263 silly hasDependencyInstalled @muggle/stories @codesandbox/common
264 silly hasDependencyInstalled @muggle/stories antd
265 silly hasDependencyInstalled @muggle/theme color-parse
266 silly hasDependencyInstalled @muggle/theme parse-color
267 silly hasDependencyInstalled @muggle/tools @babel/generator
268 silly hasDependencyInstalled @muggle/tools @babel/plugin-proposal-export-namespace-from
269 silly hasDependencyInstalled @cs/app @babel/plugin-proposal-export-namespace-from
270 silly hasDependencyInstalled @muggle/tools @babel/preset-env
271 silly hasDependencyInstalled @muggle/tools @babel/preset-react
272 silly hasDependencyInstalled @cs/app @babel/preset-react
273 silly hasDependencyInstalled @muggle/tools @babel/runtime-corejs3
274 silly hasDependencyInstalled @cs/app @babel/runtime-corejs3
275 silly hasDependencyInstalled @muggle/tools @babel/traverse
276 silly hasDependencyInstalled @muggle/tools commander
277 silly hasDependencyInstalled @muggle/tools merge-deep
278 silly hasDependencyInstalled @cs/app merge-deep
279 silly hasDependencyInstalled @muggle/tools mkdirp
280 silly hasDependencyInstalled @muggle/tools svg-inline-loader
281 silly hasDependencyInstalled @muggle/client overmind
282 silly hasDependencyInstalled @cs/app overmind
283 silly hasDependencyInstalled @cs/app @babel/plugin-proposal-export-default-from
284 silly hasDependencyInstalled @cs/app babel-plugin-styled-components
285 silly hasDependencyInstalled @cs/app del-cli
286 silly hasDependencyInstalled @cs/app parcel-bundler
287 silly hasDependencyInstalled @cs/app svg-react-loader
288 silly hasDependencyInstalled @cs/app worker-loader
289 silly hasDependencyInstalled @cs/app @apollo/react-hooks
290 silly hasDependencyInstalled @cs/app @emmetio/codemirror-plugin
291 silly hasDependencyInstalled @cs/app @feathersjs/client
292 silly hasDependencyInstalled @cs/app @typeform/embed
293 silly hasDependencyInstalled @cs/app airtable
294 silly hasDependencyInstalled @cs/app ansi-html
295 silly hasDependencyInstalled @cs/app apollo-cache-inmemory
296 silly hasDependencyInstalled @cs/app apollo-client
297 silly hasDependencyInstalled @cs/app apollo-link
298 silly hasDependencyInstalled @cs/app apollo-link-batch-http
299 silly hasDependencyInstalled @cs/app apollo-link-context
300 silly hasDependencyInstalled @cs/app apollo-link-error
301 silly hasDependencyInstalled @cs/app app
302 silly hasDependencyInstalled @cs/app browser-detect
303 silly hasDependencyInstalled @cs/app codemirror
304 silly hasDependencyInstalled @cs/app codesandbox-import-utils
305 silly hasDependencyInstalled @cs/app compare-versions
306 silly hasDependencyInstalled @cs/app console-feed
307 silly hasDependencyInstalled @cs/app downshift
308 silly hasDependencyInstalled @cs/app embed
309 silly hasDependencyInstalled @cs/app eslint-plugin-vue
310 silly hasDependencyInstalled @cs/app file-saver
311 silly hasDependencyInstalled @cs/app filesize
312 silly hasDependencyInstalled @cs/app fontfaceobserver
313 silly hasDependencyInstalled @cs/app fuse.js
314 silly hasDependencyInstalled @cs/app geniejs
315 silly hasDependencyInstalled @cs/app graphql
316 silly hasDependencyInstalled @cs/app graphql-tag
317 silly hasDependencyInstalled @cs/app gsap
318 silly hasDependencyInstalled @cs/app history
319 silly hasDependencyInstalled @cs/app http-browserify
320 silly hasDependencyInstalled @cs/app immutability-helper
321 silly hasDependencyInstalled @cs/app instantsearch.css
322 silly hasDependencyInstalled @cs/app jszip
323 silly hasDependencyInstalled @cs/app lodash-es
324 silly hasDependencyInstalled @cs/app match-sorter
325 silly hasDependencyInstalled @cs/app mobx
326 silly hasDependencyInstalled @cs/app normalize.css
327 silly hasDependencyInstalled @cs/app phoenix
328 silly hasDependencyInstalled @cs/app qrcode.react
329 silly hasDependencyInstalled @cs/app rc-slider
330 silly hasDependencyInstalled @cs/app react-apollo
331 silly hasDependencyInstalled @cs/app react-day-picker
332 silly hasDependencyInstalled @cs/app react-devtools-inline
333 silly hasDependencyInstalled @cs/app react-dnd
334 silly hasDependencyInstalled @cs/app react-dnd-html5-backend
335 silly hasDependencyInstalled @cs/app react-helmet
336 silly hasDependencyInstalled @cs/app react-instantsearch
337 silly hasDependencyInstalled @cs/app react-instantsearch-dom
338 silly hasDependencyInstalled @cs/app react-media
339 silly hasDependencyInstalled @cs/app react-modal
340 silly hasDependencyInstalled @cs/app react-show
341 silly hasDependencyInstalled @cs/app react-split-pane
342 silly hasDependencyInstalled @cs/app react-stripe-elements
343 silly hasDependencyInstalled @cs/app react-use
344 silly hasDependencyInstalled @cs/app socket.io-client
345 silly hasDependencyInstalled @cs/app store
346 silly hasDependencyInstalled @cs/app subworkers
347 silly hasDependencyInstalled @cs/app vue-eslint-parser
348 silly hasDependencyInstalled @cs/app xterm
349 silly root dependencies {}
350 silly leaf dependencies {}
351 info Installing external dependencies
352 verbose actions 3 actions, concurrency 4
353 silly npmInstallDependencies @csb/common [ 'rimraf@^2.6.3',
353 silly npmInstallDependencies   '@babel/cli@^7.2.3',
353 silly npmInstallDependencies   '@babel/core@^7.5.5',
353 silly npmInstallDependencies   '@babel/plugin-proposal-class-properties@^7.5.5',
353 silly npmInstallDependencies   '@babel/plugin-proposal-object-rest-spread@^7.5.5',
353 silly npmInstallDependencies   '@babel/plugin-syntax-dynamic-import@^7.2.0',
353 silly npmInstallDependencies   '@babel/plugin-transform-async-to-generator@^7.5.0',
353 silly npmInstallDependencies   '@babel/plugin-transform-runtime@^7.5.5',
353 silly npmInstallDependencies   '@storybook/addon-a11y@^5.1.11',
353 silly npmInstallDependencies   '@storybook/addon-actions@^5.1.9',
353 silly npmInstallDependencies   '@storybook/addon-knobs@^5.1.9',
353 silly npmInstallDependencies   '@storybook/addon-storysource@^5.1.11',
353 silly npmInstallDependencies   '@storybook/addon-viewport@^5.1.11',
353 silly npmInstallDependencies   '@storybook/react@^5.1.9',
353 silly npmInstallDependencies   '@types/color@0.12.1',
353 silly npmInstallDependencies   '@types/humps@^1.1.2',
353 silly npmInstallDependencies   '@types/lodash@^4.14.123',
353 silly npmInstallDependencies   '@types/react@^16.8.12',
353 silly npmInstallDependencies   '@types/react-icons@^2.2.7',
353 silly npmInstallDependencies   '@types/styled-components@^4.1.13',
353 silly npmInstallDependencies   'babel-jest@^24.8.0',
353 silly npmInstallDependencies   'babel-loader@^8.0.6',
353 silly npmInstallDependencies   'babel-plugin-lodash@^3.3.4',
353 silly npmInstallDependencies   'babel-plugin-macros@^2.6.1',
353 silly npmInstallDependencies   'babel-plugin-system-import-transformer@^4.0.0',
353 silly npmInstallDependencies   'cpx@^1.5.0',
353 silly npmInstallDependencies   'enzyme@^3.10.0',
353 silly npmInstallDependencies   'enzyme-adapter-react-16@^1.14.0',
353 silly npmInstallDependencies   'enzyme-to-json@^3.4.0',
353 silly npmInstallDependencies   'jest@^24.8.0',
353 silly npmInstallDependencies   'jest-environment-enzyme@^7.1.0',
353 silly npmInstallDependencies   'jest-enzyme@^7.1.0',
353 silly npmInstallDependencies   'jest-styled-components@^6.3.3',
353 silly npmInstallDependencies   'jest-svg-transformer@^1.0.0',
353 silly npmInstallDependencies   'yarn@^1.17.3',
353 silly npmInstallDependencies   '@babel/plugin-transform-flow-strip-types@^7.0.0',
353 silly npmInstallDependencies   '@babel/polyfill@^7.4.4',
353 silly npmInstallDependencies   '@codesandbox/notifications@^1.0.6',
353 silly npmInstallDependencies   '@codesandbox/template-icons@^0.7.1',
353 silly npmInstallDependencies   '@sentry/browser@^5.6.2',
353 silly npmInstallDependencies   '@tippy.js/react@^2.1.1',
353 silly npmInstallDependencies   'babel-plugin-preval@^3.0.1',
353 silly npmInstallDependencies   'babel-plugin-transform-es2015-modules-commonjs@^6.26.2',
353 silly npmInstallDependencies   'codesandbox-api@^0.0.22',
353 silly npmInstallDependencies   'color@^3.1.2',
353 silly npmInstallDependencies   'date-fns@^2.0.0',
353 silly npmInstallDependencies   'error-polyfill@^0.1.1',
353 silly npmInstallDependencies   'humps@CompuIves/humps',
353 silly npmInstallDependencies   'image-extensions@^1.1.0',
353 silly npmInstallDependencies   'immer@^3.2.0',
353 silly npmInstallDependencies   'lodash@^4.17.11',
353 silly npmInstallDependencies   'markty-toml@^0.0.9',
353 silly npmInstallDependencies   'memoize-one@^3.1.1',
353 silly npmInstallDependencies   'ot@^0.0.15',
353 silly npmInstallDependencies   'react@^16.8.6',
353 silly npmInstallDependencies   'react-icons@^2.2.7',
353 silly npmInstallDependencies   'react-input-autosize@^2.2.1',
353 silly npmInstallDependencies   'react-router-dom@^4.3.1',
353 silly npmInstallDependencies   'react-spring@^8.0.25',
353 silly npmInstallDependencies   'react-textarea-autosize@^6.1.0',
353 silly npmInstallDependencies   'semver@^5.6.0',
353 silly npmInstallDependencies   'sha1@^1.1.1',
353 silly npmInstallDependencies   'styled-components@^4.2.0' ]
354 silly npmInstallDependencies backup E:\project\de\packages\codesandbox-common\package.json
355 silly npmInstallDependencies react-scripts [ 'webpack@4.40.2',
355 silly npmInstallDependencies   'webpack-dev-server@3.2.1',
355 silly npmInstallDependencies   '@babel/core@7.6.0',
355 silly npmInstallDependencies   'babel-jest@^24.9.0',
355 silly npmInstallDependencies   'babel-loader@8.0.6',
355 silly npmInstallDependencies   'jest@24.9.0',
355 silly npmInstallDependencies   'react@^16.8.4',
355 silly npmInstallDependencies   'semver@6.3.0',
355 silly npmInstallDependencies   'react-dom@^16.8.4',
355 silly npmInstallDependencies   'fsevents@2.0.7',
355 silly npmInstallDependencies   '@svgr/webpack@4.3.2',
355 silly npmInstallDependencies   '@typescript-eslint/eslint-plugin@^2.2.0',
355 silly npmInstallDependencies   '@typescript-eslint/parser@^2.2.0',
355 silly npmInstallDependencies   'babel-eslint@10.0.3',
355 silly npmInstallDependencies   'babel-plugin-named-asset-import@^0.3.3',
355 silly npmInstallDependencies   'babel-preset-react-app@^9.0.1',
355 silly npmInstallDependencies   'camelcase@^5.2.0',
355 silly npmInstallDependencies   'case-sensitive-paths-webpack-plugin@2.2.0',
355 silly npmInstallDependencies   'css-loader@2.1.1',
355 silly npmInstallDependencies   'dotenv@6.2.0',
355 silly npmInstallDependencies   'dotenv-expand@5.1.0',
355 silly npmInstallDependencies   'eslint@^6.1.0',
355 silly npmInstallDependencies   'eslint-config-react-app@^5.0.1',
355 silly npmInstallDependencies   'eslint-loader@3.0.0',
355 silly npmInstallDependencies   'eslint-plugin-flowtype@3.13.0',
355 silly npmInstallDependencies   'eslint-plugin-import@2.18.2',
355 silly npmInstallDependencies   'eslint-plugin-jsx-a11y@6.2.3',
355 silly npmInstallDependencies   'eslint-plugin-react@7.14.3',
355 silly npmInstallDependencies   'eslint-plugin-react-hooks@^1.6.1',
355 silly npmInstallDependencies   'file-loader@3.0.1',
355 silly npmInstallDependencies   'fs-extra@7.0.1',
355 silly npmInstallDependencies   'html-webpack-plugin@4.0.0-beta.5',
355 silly npmInstallDependencies   'identity-obj-proxy@3.0.0',
355 silly npmInstallDependencies   'is-wsl@^1.1.0',
355 silly npmInstallDependencies   'jest-environment-jsdom-fourteen@0.1.0',
355 silly npmInstallDependencies   'jest-resolve@24.9.0',
355 silly npmInstallDependencies   'jest-watch-typeahead@0.4.0',
355 silly npmInstallDependencies   'mini-css-extract-plugin@0.8.0',
355 silly npmInstallDependencies   'optimize-css-assets-webpack-plugin@5.0.3',
355 silly npmInstallDependencies   'pnp-webpack-plugin@1.5.0',
355 silly npmInstallDependencies   'postcss-flexbugs-fixes@4.1.0',
355 silly npmInstallDependencies   'postcss-loader@3.0.0',
355 silly npmInstallDependencies   'postcss-normalize@7.0.1',
355 silly npmInstallDependencies   'postcss-preset-env@6.7.0',
355 silly npmInstallDependencies   'postcss-safe-parser@4.0.1',
355 silly npmInstallDependencies   'react-app-polyfill@^1.0.2',
355 silly npmInstallDependencies   'react-dev-utils@^9.0.3',
355 silly npmInstallDependencies   'resolve@1.12.0',
355 silly npmInstallDependencies   'resolve-url-loader@3.1.0',
355 silly npmInstallDependencies   'sass-loader@7.2.0',
355 silly npmInstallDependencies   'style-loader@1.0.0',
355 silly npmInstallDependencies   'terser-webpack-plugin@1.4.1',
355 silly npmInstallDependencies   'ts-pnp@1.1.4',
355 silly npmInstallDependencies   'url-loader@2.1.0',
355 silly npmInstallDependencies   'webpack-manifest-plugin@2.0.4',
355 silly npmInstallDependencies   'workbox-webpack-plugin@4.3.1' ]
356 silly npmInstallDependencies backup E:\project\de\packages\react-scripts\package.json
357 silly npmInstallDependencies @muggle/hooks [ 'react@latest', 'overmind-react@latest' ]
358 silly npmInstallDependencies backup E:\project\de\packages\hooks\package.json
359 silly npmInstallDependencies writing tempJson { name: '@csb/common',
359 silly npmInstallDependencies   version: '1.0.8',
359 silly npmInstallDependencies   main: 'index.js',
359 silly npmInstallDependencies   license: 'MIT',
359 silly npmInstallDependencies   dependencies:
359 silly npmInstallDependencies    { '@babel/plugin-transform-flow-strip-types': '^7.0.0',
359 silly npmInstallDependencies      '@babel/polyfill': '^7.4.4',
359 silly npmInstallDependencies      '@codesandbox/notifications': '^1.0.6',
359 silly npmInstallDependencies      '@codesandbox/template-icons': '^0.7.1',
359 silly npmInstallDependencies      '@sentry/browser': '^5.6.2',
359 silly npmInstallDependencies      '@tippy.js/react': '^2.1.1',
359 silly npmInstallDependencies      'babel-plugin-preval': '^3.0.1',
359 silly npmInstallDependencies      'babel-plugin-transform-es2015-modules-commonjs': '^6.26.2',
359 silly npmInstallDependencies      'codesandbox-api': '^0.0.22',
359 silly npmInstallDependencies      color: '^3.1.2',
359 silly npmInstallDependencies      'date-fns': '^2.0.0',
359 silly npmInstallDependencies      'error-polyfill': '^0.1.1',
359 silly npmInstallDependencies      humps: 'CompuIves/humps',
359 silly npmInstallDependencies      'image-extensions': '^1.1.0',
359 silly npmInstallDependencies      immer: '^3.2.0',
359 silly npmInstallDependencies      lodash: '^4.17.11',
359 silly npmInstallDependencies      'markty-toml': '^0.0.9',
359 silly npmInstallDependencies      'memoize-one': '^3.1.1',
359 silly npmInstallDependencies      ot: '^0.0.15',
359 silly npmInstallDependencies      react: '^16.8.6',
359 silly npmInstallDependencies      'react-icons': '^2.2.7',
359 silly npmInstallDependencies      'react-input-autosize': '^2.2.1',
359 silly npmInstallDependencies      'react-router-dom': '^4.3.1',
359 silly npmInstallDependencies      'react-spring': '^8.0.25',
359 silly npmInstallDependencies      'react-textarea-autosize': '^6.1.0',
359 silly npmInstallDependencies      semver: '^5.6.0',
359 silly npmInstallDependencies      sha1: '^1.1.1',
359 silly npmInstallDependencies      'styled-components': '^4.2.0' },
359 silly npmInstallDependencies   devDependencies:
359 silly npmInstallDependencies    { '@babel/cli': '^7.2.3',
359 silly npmInstallDependencies      '@babel/core': '^7.5.5',
359 silly npmInstallDependencies      '@babel/plugin-proposal-class-properties': '^7.5.5',
359 silly npmInstallDependencies      '@babel/plugin-proposal-object-rest-spread': '^7.5.5',
359 silly npmInstallDependencies      '@babel/plugin-syntax-dynamic-import': '^7.2.0',
359 silly npmInstallDependencies      '@babel/plugin-transform-async-to-generator': '^7.5.0',
359 silly npmInstallDependencies      '@babel/plugin-transform-runtime': '^7.5.5',
359 silly npmInstallDependencies      '@storybook/addon-a11y': '^5.1.11',
359 silly npmInstallDependencies      '@storybook/addon-actions': '^5.1.9',
359 silly npmInstallDependencies      '@storybook/addon-knobs': '^5.1.9',
359 silly npmInstallDependencies      '@storybook/addon-storysource': '^5.1.11',
359 silly npmInstallDependencies      '@storybook/addon-viewport': '^5.1.11',
359 silly npmInstallDependencies      '@storybook/react': '^5.1.9',
359 silly npmInstallDependencies      '@types/color': '0.12.1',
359 silly npmInstallDependencies      '@types/humps': '^1.1.2',
359 silly npmInstallDependencies      '@types/lodash': '^4.14.123',
359 silly npmInstallDependencies      '@types/react': '^16.8.12',
359 silly npmInstallDependencies      '@types/react-icons': '^2.2.7',
359 silly npmInstallDependencies      '@types/styled-components': '^4.1.13',
359 silly npmInstallDependencies      'babel-jest': '^24.8.0',
359 silly npmInstallDependencies      'babel-loader': '^8.0.6',
359 silly npmInstallDependencies      'babel-plugin-lodash': '^3.3.4',
359 silly npmInstallDependencies      'babel-plugin-macros': '^2.6.1',
359 silly npmInstallDependencies      'babel-plugin-system-import-transformer': '^4.0.0',
359 silly npmInstallDependencies      cpx: '^1.5.0',
359 silly npmInstallDependencies      enzyme: '^3.10.0',
359 silly npmInstallDependencies      'enzyme-adapter-react-16': '^1.14.0',
359 silly npmInstallDependencies      'enzyme-to-json': '^3.4.0',
359 silly npmInstallDependencies      jest: '^24.8.0',
359 silly npmInstallDependencies      'jest-environment-enzyme': '^7.1.0',
359 silly npmInstallDependencies      'jest-enzyme': '^7.1.0',
359 silly npmInstallDependencies      'jest-styled-components': '^6.3.3',
359 silly npmInstallDependencies      'jest-svg-transformer': '^1.0.0',
359 silly npmInstallDependencies      rimraf: '^2.6.3',
359 silly npmInstallDependencies      yarn: '^1.17.3' } }
360 silly npmInstallDependencies writing tempJson { name: 'react-scripts',
360 silly npmInstallDependencies   version: '3.1.1',
360 silly npmInstallDependencies   description: 'Configuration and scripts for Create React App.',
360 silly npmInstallDependencies   repository:
360 silly npmInstallDependencies    { type: 'git',
360 silly npmInstallDependencies      url: 'https://github.com/facebook/create-react-app.git',
360 silly npmInstallDependencies      directory: 'packages/react-scripts' },
360 silly npmInstallDependencies   license: 'MIT',
360 silly npmInstallDependencies   engines: { node: '>=8.10' },
360 silly npmInstallDependencies   bugs:
360 silly npmInstallDependencies    { url: 'https://github.com/facebook/create-react-app/issues' },
360 silly npmInstallDependencies   files:
360 silly npmInstallDependencies    [ 'bin',
360 silly npmInstallDependencies      'config',
360 silly npmInstallDependencies      'lib',
360 silly npmInstallDependencies      'scripts',
360 silly npmInstallDependencies      'template',
360 silly npmInstallDependencies      'template-typescript',
360 silly npmInstallDependencies      'utils' ],
360 silly npmInstallDependencies   bin: { 'react-scripts': './bin/react-scripts.js' },
360 silly npmInstallDependencies   types: './lib/react-app.d.ts',
360 silly npmInstallDependencies   dependencies:
360 silly npmInstallDependencies    { '@babel/core': '7.6.0',
360 silly npmInstallDependencies      '@svgr/webpack': '4.3.2',
360 silly npmInstallDependencies      '@typescript-eslint/eslint-plugin': '^2.2.0',
360 silly npmInstallDependencies      '@typescript-eslint/parser': '^2.2.0',
360 silly npmInstallDependencies      'babel-eslint': '10.0.3',
360 silly npmInstallDependencies      'babel-jest': '^24.9.0',
360 silly npmInstallDependencies      'babel-loader': '8.0.6',
360 silly npmInstallDependencies      'babel-plugin-named-asset-import': '^0.3.3',
360 silly npmInstallDependencies      'babel-preset-react-app': '^9.0.1',
360 silly npmInstallDependencies      camelcase: '^5.2.0',
360 silly npmInstallDependencies      'case-sensitive-paths-webpack-plugin': '2.2.0',
360 silly npmInstallDependencies      'css-loader': '2.1.1',
360 silly npmInstallDependencies      dotenv: '6.2.0',
360 silly npmInstallDependencies      'dotenv-expand': '5.1.0',
360 silly npmInstallDependencies      eslint: '^6.1.0',
360 silly npmInstallDependencies      'eslint-config-react-app': '^5.0.1',
360 silly npmInstallDependencies      'eslint-loader': '3.0.0',
360 silly npmInstallDependencies      'eslint-plugin-flowtype': '3.13.0',
360 silly npmInstallDependencies      'eslint-plugin-import': '2.18.2',
360 silly npmInstallDependencies      'eslint-plugin-jsx-a11y': '6.2.3',
360 silly npmInstallDependencies      'eslint-plugin-react': '7.14.3',
360 silly npmInstallDependencies      'eslint-plugin-react-hooks': '^1.6.1',
360 silly npmInstallDependencies      'file-loader': '3.0.1',
360 silly npmInstallDependencies      'fs-extra': '7.0.1',
360 silly npmInstallDependencies      'html-webpack-plugin': '4.0.0-beta.5',
360 silly npmInstallDependencies      'identity-obj-proxy': '3.0.0',
360 silly npmInstallDependencies      'is-wsl': '^1.1.0',
360 silly npmInstallDependencies      jest: '24.9.0',
360 silly npmInstallDependencies      'jest-environment-jsdom-fourteen': '0.1.0',
360 silly npmInstallDependencies      'jest-resolve': '24.9.0',
360 silly npmInstallDependencies      'jest-watch-typeahead': '0.4.0',
360 silly npmInstallDependencies      'mini-css-extract-plugin': '0.8.0',
360 silly npmInstallDependencies      'optimize-css-assets-webpack-plugin': '5.0.3',
360 silly npmInstallDependencies      'pnp-webpack-plugin': '1.5.0',
360 silly npmInstallDependencies      'postcss-flexbugs-fixes': '4.1.0',
360 silly npmInstallDependencies      'postcss-loader': '3.0.0',
360 silly npmInstallDependencies      'postcss-normalize': '7.0.1',
360 silly npmInstallDependencies      'postcss-preset-env': '6.7.0',
360 silly npmInstallDependencies      'postcss-safe-parser': '4.0.1',
360 silly npmInstallDependencies      'react-app-polyfill': '^1.0.2',
360 silly npmInstallDependencies      'react-dev-utils': '^9.0.3',
360 silly npmInstallDependencies      resolve: '1.12.0',
360 silly npmInstallDependencies      'resolve-url-loader': '3.1.0',
360 silly npmInstallDependencies      'sass-loader': '7.2.0',
360 silly npmInstallDependencies      semver: '6.3.0',
360 silly npmInstallDependencies      'style-loader': '1.0.0',
360 silly npmInstallDependencies      'terser-webpack-plugin': '1.4.1',
360 silly npmInstallDependencies      'ts-pnp': '1.1.4',
360 silly npmInstallDependencies      'url-loader': '2.1.0',
360 silly npmInstallDependencies      webpack: '4.40.2',
360 silly npmInstallDependencies      'webpack-dev-server': '3.2.1',
360 silly npmInstallDependencies      'webpack-manifest-plugin': '2.0.4',
360 silly npmInstallDependencies      'workbox-webpack-plugin': '4.3.1' },
360 silly npmInstallDependencies   devDependencies: { react: '^16.8.4', 'react-dom': '^16.8.4' },
360 silly npmInstallDependencies   optionalDependencies: { fsevents: '2.0.7' },
360 silly npmInstallDependencies   browserslist:
360 silly npmInstallDependencies    { production: [ '>0.2%', 'not dead', 'not op_mini all' ],
360 silly npmInstallDependencies      development:
360 silly npmInstallDependencies       [ 'last 1 chrome version',
360 silly npmInstallDependencies         'last 1 firefox version',
360 silly npmInstallDependencies         'last 1 safari version' ] } }
361 silly npmInstallDependencies writing tempJson { name: '@muggle/hooks',
361 silly npmInstallDependencies   version: '1.0.0',
361 silly npmInstallDependencies   dependencies: { 'overmind-react': 'latest', react: 'latest' } }
362 silly getExecOpts E:\project\de\packages\codesandbox-common undefined
363 silly npmInstall [ 'yarn',
363 silly npmInstall   [ 'install', '--mutex', 'network:42424', '--non-interactive' ] ]
364 silly getExecOpts E:\project\de\packages\hooks undefined
365 silly npmInstall [ 'yarn',
365 silly npmInstall   [ 'install', '--mutex', 'network:42424', '--non-interactive' ] ]
366 silly getExecOpts E:\project\de\packages\react-scripts undefined
367 silly npmInstall [ 'yarn',
367 silly npmInstall   [ 'install', '--mutex', 'network:42424', '--non-interactive' ] ]
368 silly npmInstallDependencies cleanup E:\project\de\packages\hooks\package.json
369 error Error: EPERM: operation not permitted, rename 'E:\project\de\packages\hooks\package.json.lerna_backup' -> 'E:\project\de\packages\hooks\package.json'
369 error     at Object.renameSync (fs.js:598:3)
369 error     at cleanup (E:\project\de\node_modules\@lerna\npm-install\npm-install.js:70:10)
369 error     at done (E:\project\de\node_modules\@lerna\npm-install\npm-install.js:78:7)
369 error     at writePkg.then.then (E:\project\de\node_modules\@lerna\npm-install\npm-install.js:94:19)
